
~~~~~~~~~~~~~~~~~~~~~~~~~~~~~~~~~~~~~~~~~~~~~~~~~~~~~~~~~~~~~~~~~~~~~~~~~~~~~~~~

dataset_size = 32.00 MB    numObjs = 262144    numCoords = 16    numClusters = 32
Initial cluster centers:
clusters[0] =   0.00   8.00   8.35   1.07   7.63   6.35   4.28  10.00   6.72   3.34   2.51   5.59   2.44   3.35   5.44   2.78
clusters[1] =   1.02   1.22   0.58   5.50   2.22   0.68   8.89   9.14   8.69   2.67   2.72   9.27   8.86   9.32   3.71   5.94
clusters[2] =   1.06   3.44   4.49   5.51   1.72   6.81   2.74   0.34   9.66   5.11   3.94   8.26   0.26   8.72   2.65   0.79
clusters[3] =   1.09   5.65   8.40   5.51   1.24   2.93   6.59   1.55   0.63   7.55   5.17   7.26   1.66   8.13   1.58   5.64
clusters[4] =   2.11   8.89   0.64   9.95   5.82   7.27   1.19   0.69   2.60   6.88   5.37   0.94   8.08   4.10   9.86   8.81
clusters[5] =   2.15   1.10   4.54   9.95   5.33   3.41   5.04   1.90   3.57   9.32   6.60   9.93   9.48   3.50   8.79   3.65
clusters[6] =   2.19   3.31   8.45   9.95   4.84   9.53   8.89   3.10   4.54   1.75   7.82   8.93   0.88   2.90   7.73   8.51
clusters[7] =   2.22   5.52   2.35   9.95   4.36   5.66   2.74   4.31   5.50   4.19   9.05   7.92   2.28   2.31   6.67   3.35
clusters[8] =   3.24   8.76   4.60   4.39   8.94  10.00   7.35   3.45   7.47   3.51   9.25   1.60   8.70   8.28   4.95   6.52
clusters[9] =   3.28   0.97   8.50   4.40   8.45   6.13   1.20   4.66   8.45   5.95   0.48   0.60   0.11   7.68   3.88   1.37
clusters[10] =   3.32   3.19   2.41   4.40   7.96   2.26   5.05   5.86   9.41   8.38   1.70   9.59   1.50   7.08   2.82   6.21
clusters[11] =   4.33   6.41   4.65   8.84   2.54   6.59   9.65   5.00   1.38   7.72   1.90   3.28   7.93   3.06   1.09   9.38
clusters[12] =   4.37   8.63   8.55   8.83   2.05   2.72   3.50   6.21   2.35   0.15   3.13   2.27   9.33   2.46   0.03   4.23
clusters[13] =   4.40   0.84   2.46   8.84   1.56   8.85   7.35   7.42   3.32   2.59   4.35   1.26   0.73   1.86   8.96   9.07
clusters[14] =   4.43   3.06   6.37   8.84   1.07   4.98   1.20   8.62   4.28   5.03   5.57   0.26   2.12   1.26   7.90   3.92
clusters[15] =   5.46   6.28   8.61   3.28   5.66   9.32   5.81   7.76   6.26   4.35   5.79   3.94   8.55   7.23   6.17   7.09
clusters[16] =   5.50   8.51   2.51   3.28   5.17   5.45   9.66   8.97   7.22   6.79   7.01   2.93   9.95   6.63   5.11   1.94
clusters[17] =   5.53   0.72   6.42   3.29   4.68   1.58   3.51   0.18   8.19   9.23   8.23   1.93   1.34   6.04   4.04   6.79
clusters[18] =   6.55   3.95   8.66   7.72   9.27   5.91   8.11   9.31   0.16   8.56   8.44   5.61   7.77   2.01   2.32   9.95
clusters[19] =   6.59   6.16   2.57   7.73   8.78   2.04   1.96   0.52   1.13   0.99   9.66   4.60   9.17   1.42   1.26   4.80
clusters[20] =   6.62   8.38   6.47   7.73   8.29   8.17   5.81   1.73   2.10   3.43   0.88   3.60   0.57   0.81   0.19   9.65
clusters[21] =   6.66   0.59   0.38   7.73   7.80   4.30   9.67   2.93   3.07   5.87   2.11   2.59   1.97   0.22   9.12   4.50
clusters[22] =   7.68   3.82   2.61   2.17   2.38   8.64   4.27   2.07   5.04   5.19   2.31   6.27   8.40   6.19   7.41   7.66
clusters[23] =   7.71   6.03   6.52   2.17   1.89   4.77   8.12   3.28   6.01   7.63   3.54   5.27   9.79   5.59   6.34   2.51
clusters[24] =   7.75   8.25   0.42   2.18   1.40   0.90   1.97   4.48   6.97   0.07   4.76   4.26   1.19   4.99   5.27   7.36
clusters[25] =   8.77   1.48   2.67   6.61   5.98   5.23   6.57   3.62   8.94   9.40   4.97   7.95   7.61   0.97   3.55   0.52
clusters[26] =   8.80   3.69   6.57   6.61   5.50   1.36   0.42   4.83   9.92   1.84   6.19   6.94   9.02   0.37   2.49   5.38
clusters[27] =   8.84   5.90   0.48   6.62   5.01   7.49   4.28   6.03   0.88   4.27   7.41   5.93   0.41   9.77   1.42   0.22
clusters[28] =   8.87   8.12   4.39   6.62   4.52   3.62   8.13   7.24   1.85   6.71   8.63   4.92   1.81   9.17   0.35   5.07
clusters[29] =   9.90   1.35   6.63   1.06   9.10   7.96   2.73   6.38   3.82   6.04   8.85   8.61   8.24   5.14   8.64   8.24
clusters[30] =   9.93   3.57   0.54   1.06   8.61   4.09   6.58   7.58   4.79   8.48   0.07   7.60   9.64   4.54   7.57   3.08
clusters[31] =   9.97   5.78   4.44   1.06   8.12   0.21   0.43   8.79   5.76   0.90   1.29   6.59   1.04   3.95   6.50   7.93

OpenMP Kmeans - Lock (nosync)	(number of threads: 16)
	completed loop 1	completed loop 2	completed loop 3	completed loop 4	completed loop 5	completed loop 6	completed loop 7	completed loop 8	completed loop 9	completed loop 10
        nloops =  10   (total =  0.6998s)  (per loop =  0.0700s)

Final cluster centers:
clusters[0] =   2.55   6.05   6.37   2.49   6.32   5.63   5.32   6.61   4.84   3.93   3.98   5.40   3.46   2.58   4.18   2.85 
clusters[1] =   3.62   2.85   3.52   5.19   3.56   2.81   6.70   6.70   5.60   2.70   4.38   6.52   6.78   6.59   5.19   5.18 
clusters[2] =   3.25   4.88   5.07   4.90   2.64   6.36   3.20   3.14   7.43   4.27   3.62   6.04   3.53   6.61   3.86   2.72 
clusters[3] =   2.77   5.13   6.37   2.86   3.41   3.66   5.43   3.57   2.26   6.00   5.12   6.16   3.08   6.49   3.46   5.67 
clusters[4] =   3.74   7.00   3.47   6.59   5.97   4.95   2.79   3.44   4.00   6.59   4.32   2.75   5.62   5.65   7.10   6.56 
clusters[5] =   2.94   3.48   6.25   6.72   5.49   3.79   4.28   3.13   3.88   6.66   5.48   6.95   7.06   5.58   6.58   3.02 
clusters[6] =   4.52   3.77   7.40   6.72   4.15   6.20   7.10   3.17   5.40   3.09   6.04   6.48   3.29   4.20   6.66   6.19 
clusters[7] =   3.29   7.11   2.93   6.95   4.59   5.55   3.53   5.38   5.25   4.54   6.93   7.28   3.53   2.94   6.47   4.41 
clusters[8] =   3.55   6.83   4.07   4.22   7.08   6.50   6.99   2.77   6.51   3.43   6.47   4.33   6.39   6.71   4.57   5.49 
clusters[9] =   4.97   2.92   6.71   5.51   7.54   5.83   4.05   5.40   6.32   5.18   3.26   2.58   4.68   7.32   4.35   3.07 
clusters[10] =   3.83   4.72   3.65   5.08   7.01   4.21   5.35   6.11   7.36   7.27   3.35   7.10   3.42   6.43   4.06   7.12 
clusters[11] =   3.92   5.53   3.63   6.00   2.69   6.12   6.93   4.68   4.37   7.35   3.17   4.22   6.77   3.83   2.87   6.73 
clusters[12] =   3.67   6.60   6.44   6.96   3.28   3.79   4.14   5.79   3.31   2.68   3.17   3.44   6.75   4.28   3.31   3.60 
clusters[13] =   4.59   2.98   2.97   4.99   3.88   7.12   6.45   7.27   5.02   3.51   5.28   2.88   3.21   4.27   5.90   6.85 
clusters[14] =   5.54   3.41   6.57   6.13   2.73   4.40   2.90   6.82   4.10   6.62   5.18   3.29   3.38   3.13   6.60   3.50 
clusters[15] =   5.04   6.53   7.40   4.52   3.76   7.29   4.30   7.37   6.17   4.18   5.22   4.19   6.89   7.00   6.00   6.43 
clusters[16] =   3.80   6.17   3.13   3.66   4.39   3.98   6.02   7.19   6.32   6.60   7.11   2.88   6.53   5.18   5.69   2.79 
clusters[17] =   4.93   2.78   5.73   3.32   4.34   3.61   4.25   2.95   6.91   6.93   6.93   2.77   3.81   4.71   4.19   6.64 
clusters[18] =   4.43   4.15   6.72   5.80   7.07   5.06   6.32   7.10   3.12   6.45   6.56   4.82   7.29   3.50   4.27   7.48 
clusters[19] =   5.47   4.05   3.39   3.77   6.37   3.45   3.82   3.18   2.69   3.12   6.97   3.86   6.95   3.80   3.15   4.24 
clusters[20] =   6.84   6.86   6.35   5.46   6.63   7.20   4.51   3.24   4.13   4.85   3.24   4.25   3.07   3.27   3.02   6.49 
clusters[21] =   5.45   3.52   3.26   6.00   6.47   3.37   7.16   3.02   4.06   4.15   3.35   3.45   3.13   3.55   6.58   3.30 
clusters[22] =   6.12   3.36   3.69   3.39   3.11   6.95   3.45   2.91   4.15   4.25   3.14   5.91   6.97   4.92   6.20   6.88 
clusters[23] =   7.03   6.77   7.26   3.30   3.44   3.95   6.94   3.17   5.60   6.02   3.88   4.98   6.46   4.93   6.58   3.29 
clusters[24] =   6.56   7.27   2.63   3.04   2.86   3.04   4.20   4.55   6.54   3.22   4.89   3.87   3.07   4.56   4.80   5.76 
clusters[25] =   7.15   3.58   4.01   6.18   4.98   6.85   6.29   4.57   7.11   6.53   5.68   6.43   5.73   3.07   3.29   2.73 
clusters[26] =   6.50   4.97   6.40   6.25   5.31   3.00   2.96   4.97   7.55   3.37   5.84   6.31   6.83   3.39   3.35   6.09 
clusters[27] =   6.64   4.51   3.17   5.88   4.44   7.15   3.96   5.73   2.67   3.77   5.94   5.67   3.67   7.30   3.22   2.99 
clusters[28] =   7.09   6.99   5.70   7.03   4.71   2.99   6.79   6.18   4.15   6.01   6.84   4.73   3.10   6.90   3.84   5.00 
clusters[29] =   6.71   4.00   5.56   2.59   6.71   6.46   3.29   5.30   4.40   6.01   7.62   7.03   4.27   5.44   6.98   5.38 
clusters[30] =   6.89   5.46   2.77   3.68   6.65   4.59   4.88   6.97   3.46   6.48   2.52   6.43   6.87   4.89   5.73   3.43 
clusters[31] =   6.38   5.19   6.61   4.37   6.66   2.70   3.86   6.52   3.87   2.83   2.96   5.81   3.33   5.51   6.83   6.90 
